<?xml version="1.0" encoding="UTF-8"?>
<!-- Generated by org.testng.reporters.JUnitReportReporter -->
<testsuite hostname="DESKTOP-63G7VB2" failures="0" tests="2" name="NewFramework.TestFramework.tests.LandingPage_Tests" time="5.293" errors="0" timestamp="2023-05-03T21:53:41 CEST" skipped="0">
  <testcase classname="NewFramework.TestFramework.tests.LandingPage_Tests" name="verifyHoverAddToCartID54" time="1.626"/>
  <system-out/>
  <testcase classname="NewFramework.TestFramework.tests.LandingPage_Tests" name="verifyTwoViewCart" time="3.667"/>
  <system-out/>
</testsuite> <!-- NewFramework.TestFramework.tests.LandingPage_Tests -->
