<?xml version="1.0" encoding="UTF-8"?>
<!-- Generated by org.testng.reporters.JUnitReportReporter -->
<testsuite hostname="DESKTOP-63G7VB2" failures="0" tests="5" name="testFramework.testClasses.MyAccount_Tests" time="13.360" errors="0" timestamp="2023-05-11T15:27:37 CEST" skipped="0">
  <testcase classname="testFramework.testClasses.MyAccount_Tests" name="invalidLogIn" time="4.903"/>
  <system-out/>
  <testcase classname="testFramework.testClasses.MyAccount_Tests" name="invalidLogIn" time="2.591"/>
  <system-out/>
  <testcase classname="testFramework.testClasses.MyAccount_Tests" name="invalidLogIn" time="2.563"/>
  <system-out/>
  <testcase classname="testFramework.testClasses.MyAccount_Tests" name="verifyRememberMeCheckbox" time="1.658"/>
  <system-out/>
  <testcase classname="testFramework.testClasses.MyAccount_Tests" name="verifyMyAccountPageExists" time="1.645"/>
  <system-out/>
</testsuite> <!-- testFramework.testClasses.MyAccount_Tests -->
