<?xml version="1.0" encoding="UTF-8"?>
<!-- Generated by org.testng.reporters.JUnitReportReporter -->
<testsuite hostname="DESKTOP-63G7VB2" failures="0" tests="2" name="NewFramework.TestFramework.tests.MyAccount_Tests" time="5.575" errors="0" timestamp="2023-05-01T11:04:38 CEST" skipped="0">
  <testcase classname="NewFramework.TestFramework.tests.MyAccount_Tests" name="verifyRememberMeCheckbox" time="3.874"/>
  <system-out/>
  <testcase classname="NewFramework.TestFramework.tests.MyAccount_Tests" name="verifyMyAccountPageExists" time="1.701"/>
  <system-out/>
</testsuite> <!-- NewFramework.TestFramework.tests.MyAccount_Tests -->
