<?xml version="1.0" encoding="UTF-8"?>
<!-- Generated by org.testng.reporters.JUnitReportReporter -->
<testsuite hostname="DESKTOP-63G7VB2" failures="0" tests="5" name="testFramework.testClasses.MyAccount_Tests" time="13.910" errors="0" timestamp="2023-05-24T22:13:23 CEST" skipped="0">
  <testcase classname="testFramework.testClasses.MyAccount_Tests" name="invalidLogIn" time="4.986"/>
  <system-out/>
  <testcase classname="testFramework.testClasses.MyAccount_Tests" name="verifyMyAccountPageExists" time="1.649"/>
  <system-out/>
  <testcase classname="testFramework.testClasses.MyAccount_Tests" name="invalidLogIn" time="2.901"/>
  <system-out/>
  <testcase classname="testFramework.testClasses.MyAccount_Tests" name="invalidLogIn" time="2.673"/>
  <system-out/>
  <testcase classname="testFramework.testClasses.MyAccount_Tests" name="verifyRememberMeCheckbox" time="1.701"/>
  <system-out/>
</testsuite> <!-- testFramework.testClasses.MyAccount_Tests -->
