<?xml version="1.0" encoding="UTF-8"?>
<!-- Generated by org.testng.reporters.JUnitReportReporter -->
<testsuite hostname="DESKTOP-63G7VB2" failures="0" tests="2" name="testFramework.testClasses.LandingPage_Tests" time="5.492" errors="0" timestamp="2023-05-24T22:13:23 CEST" skipped="0">
  <testcase classname="testFramework.testClasses.LandingPage_Tests" name="verifyTwoViewCart" time="1.753"/>
  <system-out/>
  <testcase classname="testFramework.testClasses.LandingPage_Tests" name="verifyHoverAddToCartID54" time="3.739"/>
  <system-out/>
</testsuite> <!-- testFramework.testClasses.LandingPage_Tests -->
